<?xml version="1.0" encoding="UTF-8"?>
<!-- Generated by org.testng.reporters.JUnitReportReporter -->
<testsuite hostname="LAPTOP-DSLKJPNV" failures="0" tests="2" name="test.day1" time="0.017" errors="0" timestamp="2025-01-21T15:37:36 IST" skipped="0">
  <testcase classname="test.day1" name="Second" time="0.002"/>
  <system-out/>
  <testcase classname="test.day1" name="Demo" time="0.015"/>
  <system-out/>
</testsuite> <!-- test.day1 -->
