<?xml version="1.0" encoding="UTF-8"?>
<!-- Generated by org.testng.reporters.JUnitReportReporter -->
<testsuite hostname="LAPTOP-DSLKJPNV" failures="0" tests="3" name="test.DependOnMethods" time="0.017" errors="0" timestamp="2025-01-22T18:25:03 IST" skipped="0">
  <testcase classname="test.DependOnMethods" name="logOff" time="0.004"/>
  <system-out/>
  <testcase classname="test.DependOnMethods" name="logIn" time="0.010"/>
  <system-out/>
  <testcase classname="test.DependOnMethods" name="Executed" time="0.003"/>
  <system-out/>
</testsuite> <!-- test.DependOnMethods -->
