<?xml version="1.0" encoding="UTF-8"?>
<!-- Generated by org.testng.reporters.JUnitReportReporter -->
<testsuite hostname="LAPTOP-DSLKJPNV" failures="0" tests="2" name="test.Day5" time="0.017" errors="0" timestamp="2025-02-03T16:58:07 IST" skipped="0">
  <testcase classname="test.Day5" name="levelManager" time="0.002"/>
  <system-out/>
  <testcase classname="test.Day5" name="levelLead" time="0.015"/>
  <system-out/>
</testsuite> <!-- test.Day5 -->
