<?xml version="1.0" encoding="UTF-8"?>
<!-- Generated by org.testng.reporters.JUnitReportReporter -->
<testsuite hostname="LAPTOP-DSLKJPNV" failures="0" tests="1" name="test.ParameteriseAnnotation" time="0.014" errors="0" timestamp="2025-01-23T11:18:49 IST" skipped="0">
  <testcase classname="test.ParameteriseAnnotation" name="testEnvironment" time="0.014"/>
  <system-out/>
</testsuite> <!-- test.ParameteriseAnnotation -->
