<?xml version="1.0" encoding="UTF-8"?>
<!-- Generated by org.testng.reporters.JUnitReportReporter -->
<testsuite hostname="LAPTOP-DSLKJPNV" failures="0" tests="2" name="test.Day4" time="0.025" errors="0" timestamp="2025-01-22T18:12:10 IST" skipped="0">
  <testcase classname="test.Day4" name="regression1" time="0.006"/>
  <system-out/>
  <testcase classname="test.Day4" name="regression" time="0.019"/>
  <system-out/>
</testsuite> <!-- test.Day4 -->
