<?xml version="1.0" encoding="UTF-8"?>
<!-- Generated by org.testng.reporters.JUnitReportReporter -->
<testsuite hostname="LAPTOP-DSLKJPNV" failures="0" tests="2" name="test.Day2" time="0.032" errors="0" timestamp="2025-01-21T15:37:36 IST" skipped="0">
  <testcase classname="test.Day2" name="carLoan" time="0.019"/>
  <system-out/>
  <testcase classname="test.Day2" name="homeLoan" time="0.013"/>
  <system-out/>
</testsuite> <!-- test.Day2 -->
