<?xml version="1.0" encoding="UTF-8"?>
<!-- Generated by org.testng.reporters.JUnitReportReporter -->
<testsuite hostname="LAPTOP-DSLKJPNV" failures="0" tests="3" name="test.DayEnableAnnotation" time="0.022" errors="0" timestamp="2025-01-23T10:26:11 IST" skipped="1">
  <testcase classname="test.DayEnableAnnotation" name="Day3" time="0.006"/>
  <system-out/>
  <testcase classname="test.DayEnableAnnotation" name="Day1" time="0.016"/>
  <system-out/>
  <testcase classname="test.DayEnableAnnotation" name="Day2">
    <skipped/>
  </testcase> <!-- Day2 -->
  <system-out/>
</testsuite> <!-- test.DayEnableAnnotation -->
