<?xml version="1.0" encoding="UTF-8"?>
<!-- Generated by org.testng.reporters.JUnitReportReporter -->
<testsuite hostname="LAPTOP-DSLKJPNV" failures="0" tests="3" name="test.DataProviderConcept" time="0.041" errors="0" timestamp="2025-01-23T12:05:25 IST" skipped="0">
  <testcase classname="test.DataProviderConcept" name="ProvideData" time="0.011"/>
  <system-out/>
  <testcase classname="test.DataProviderConcept" name="ProvideData" time="0.027"/>
  <system-out/>
  <testcase classname="test.DataProviderConcept" name="ProvideData" time="0.003"/>
  <system-out/>
</testsuite> <!-- test.DataProviderConcept -->
